Building all targets ...
-- Configuring done
-- Generating done
-- Build files have been written to: /tmp/build_dir_opentelemetry_off
[ 11%] Built target benchmark-traces-simple
[ 22%] Built target benchmark-traces-context-extraction
[ 33%] Built target benchmark-traces-event
[ 44%] Built target benchmark-traces-attribute
[ 55%] Built target benchmark-traces-span-context
[ 66%] Built target benchmark-traces-nested-span
[ 77%] Built target benchmark-metrics-observable-up-down-counter-500
[ 88%] Built target benchmark-metrics-observable-up-down-counter-1000
[ 91%] Building C object CMakeFiles/benchmark-logs-simple.dir/src/common/telemetry_data_tracepoint.c.o
[ 94%] Building C object CMakeFiles/benchmark-logs-simple.dir/src/logs/simple.c.o
[ 97%] Building C object CMakeFiles/benchmark-logs-simple.dir/src/common/utils.c.o
[100%] Linking C executable benchmark-logs-simple
[100%] Built target benchmark-logs-simple
-- Configuring done
-- Generating done
-- Build files have been written to: /tmp/build_dir_lttng_exporter_on
[ 22%] Built target opentelemetry-c
[ 31%] Built target benchmark-traces-simple
[ 40%] Built target benchmark-traces-context-extraction
[ 48%] Built target benchmark-traces-event
[ 57%] Built target benchmark-traces-attribute
[ 65%] Built target benchmark-traces-span-context
[ 74%] Built target benchmark-traces-nested-span
[ 82%] Built target benchmark-metrics-observable-up-down-counter-500
[ 91%] Built target benchmark-metrics-observable-up-down-counter-1000
[ 94%] Building C object CMakeFiles/benchmark-logs-simple.dir/src/logs/simple.c.o
[ 97%] Building C object CMakeFiles/benchmark-logs-simple.dir/src/common/utils.c.o
[100%] Linking CXX executable benchmark-logs-simple
[100%] Built target benchmark-logs-simple
-- Configuring done
-- Generating done
-- Build files have been written to: /tmp/build_dir_lttng_exporter_off
[ 12%] Built target opentelemetry-c
[ 22%] Built target benchmark-traces-simple
[ 32%] Built target benchmark-traces-context-extraction
[ 41%] Built target benchmark-traces-event
[ 51%] Built target benchmark-traces-attribute
[ 61%] Built target benchmark-traces-span-context
[ 70%] Built target benchmark-traces-nested-span
[ 80%] Built target benchmark-metrics-observable-up-down-counter-500
[ 90%] Built target benchmark-metrics-observable-up-down-counter-1000
[ 93%] Building C object CMakeFiles/benchmark-logs-simple.dir/src/logs/simple.c.o
[ 96%] Building C object CMakeFiles/benchmark-logs-simple.dir/src/common/utils.c.o
[100%] Linking CXX executable benchmark-logs-simple
[100%] Built target benchmark-logs-simple
########## Run no 1 executable=benchmark-logs-simple TRACING_ENABLED=ON OPENTELEMETRY_C_TRACING_ENABLED=OFF without lttng session ##########
min = 111 ns
mean = 299.201200 ns
max = 1204 ns
median = 248.000000 ns
std = 56.659039 ns
sum = 1496006 ns
first = 177 ns
second = 211 ns
third = 216 ns
len = 5000

real	0m50.577s
user	0m0.052s
sys	0m0.083s
########## Run no 2 executable=benchmark-logs-simple TRACING_ENABLED=ON OPENTELEMETRY_C_TRACING_ENABLED=OFF without lttng session ##########
min = 141 ns
mean = 296.315400 ns
max = 772 ns
median = 326.500000 ns
std = 56.059425 ns
sum = 1481577 ns
first = 231 ns
second = 330 ns
third = 246 ns
len = 5000

real	0m50.581s
user	0m0.017s
sys	0m0.126s
########## Run no 3 executable=benchmark-logs-simple TRACING_ENABLED=ON OPENTELEMETRY_C_TRACING_ENABLED=OFF without lttng session ##########
min = 190 ns
mean = 352.354800 ns
max = 2375 ns
median = 359.500000 ns
std = 59.458871 ns
sum = 1761774 ns
first = 222 ns
second = 301 ns
third = 314 ns
len = 5000

real	0m50.586s
user	0m0.058s
sys	0m0.083s
########## Run no 4 executable=benchmark-logs-simple TRACING_ENABLED=ON OPENTELEMETRY_C_TRACING_ENABLED=OFF without lttng session ##########
min = 135 ns
mean = 288.470400 ns
max = 18494 ns
median = 286.500000 ns
std = 295.278162 ns
sum = 1442352 ns
first = 271 ns
second = 240 ns
third = 313 ns
len = 5000

real	0m50.585s
user	0m0.039s
sys	0m0.101s
########## Run no 5 executable=benchmark-logs-simple TRACING_ENABLED=ON OPENTELEMETRY_C_TRACING_ENABLED=OFF without lttng session ##########
min = 201 ns
mean = 503.429600 ns
max = 91498 ns
median = 417.500000 ns
std = 1311.962096 ns
sum = 2517148 ns
first = 234 ns
second = 481 ns
third = 470 ns
len = 5000

real	0m50.581s
user	0m0.010s
sys	0m0.131s
########## Run no 6 executable=benchmark-logs-simple TRACING_ENABLED=ON OPENTELEMETRY_C_TRACING_ENABLED=OFF without lttng session ##########
min = 165 ns
mean = 388.031600 ns
max = 15272 ns
median = 390.000000 ns
std = 310.815829 ns
sum = 1940158 ns
first = 260 ns
second = 385 ns
third = 439 ns
len = 5000

real	0m50.588s
user	0m0.037s
sys	0m0.105s
########## Run no 7 executable=benchmark-logs-simple TRACING_ENABLED=ON OPENTELEMETRY_C_TRACING_ENABLED=OFF without lttng session ##########
min = 175 ns
mean = 446.692600 ns
max = 14374 ns
median = 506.500000 ns
std = 294.712024 ns
sum = 2233463 ns
first = 414 ns
second = 413 ns
third = 420 ns
len = 5000

real	0m50.580s
user	0m0.046s
sys	0m0.098s
########## Run no 8 executable=benchmark-logs-simple TRACING_ENABLED=ON OPENTELEMETRY_C_TRACING_ENABLED=OFF without lttng session ##########
min = 121 ns
mean = 346.915000 ns
max = 38744 ns
median = 314.500000 ns
std = 546.657801 ns
sum = 1734575 ns
first = 207 ns
second = 306 ns
third = 317 ns
len = 5000

real	0m50.588s
user	0m0.044s
sys	0m0.100s
########## Run no 9 executable=benchmark-logs-simple TRACING_ENABLED=ON OPENTELEMETRY_C_TRACING_ENABLED=OFF without lttng session ##########
min = 161 ns
mean = 306.771600 ns
max = 1487 ns
median = 331.500000 ns
std = 58.347866 ns
sum = 1533858 ns
first = 215 ns
second = 277 ns
third = 273 ns
len = 5000

real	0m50.586s
user	0m0.031s
sys	0m0.110s
########## Run no 10 executable=benchmark-logs-simple TRACING_ENABLED=ON OPENTELEMETRY_C_TRACING_ENABLED=OFF without lttng session ##########
min = 179 ns
mean = 338.494000 ns
max = 19982 ns
median = 357.500000 ns
std = 353.930044 ns
sum = 1692470 ns
first = 179 ns
second = 306 ns
third = 356 ns
len = 5000

real	0m50.579s
user	0m0.055s
sys	0m0.085s
########## Run no 1 executable=benchmark-logs-simple TRACING_ENABLED=ON OPENTELEMETRY_C_TRACING_ENABLED=OFF in lttng session but all events disabled ##########
Spawning a session daemon
Session auto-20231101-122638 created.
Traces will be output to /home/eysan/lttng-traces/auto-20231101-122638
ust channel default-channel enabled for session auto-20231101-122638
Tracing started for session auto-20231101-122638
min = 168 ns
mean = 299.498800 ns
max = 9504 ns
median = 299.000000 ns
std = 147.863258 ns
sum = 1497494 ns
first = 333 ns
second = 333 ns
third = 230 ns
len = 5000

real	0m50.675s
user	0m0.043s
sys	0m0.114s
Waiting for data availability.
Tracing stopped for session auto-20231101-122638
Destroying session auto-20231101-122638..
Session auto-20231101-122638 destroyed
########## Run no 2 executable=benchmark-logs-simple TRACING_ENABLED=ON OPENTELEMETRY_C_TRACING_ENABLED=OFF in lttng session but all events disabled ##########
Session auto-20231101-122730 created.
Traces will be output to /home/eysan/lttng-traces/auto-20231101-122730
ust channel default-channel enabled for session auto-20231101-122730
Tracing started for session auto-20231101-122730
min = 149 ns
mean = 321.529400 ns
max = 28619 ns
median = 259.000000 ns
std = 632.362243 ns
sum = 1607647 ns
first = 262 ns
second = 276 ns
third = 233 ns
len = 5000

real	0m50.618s
user	0m0.056s
sys	0m0.090s
Waiting for data availability.
Tracing stopped for session auto-20231101-122730
Destroying session auto-20231101-122730..
Session auto-20231101-122730 destroyed
########## Run no 3 executable=benchmark-logs-simple TRACING_ENABLED=ON OPENTELEMETRY_C_TRACING_ENABLED=OFF in lttng session but all events disabled ##########
Session auto-20231101-122821 created.
Traces will be output to /home/eysan/lttng-traces/auto-20231101-122821
ust channel default-channel enabled for session auto-20231101-122821
Tracing started for session auto-20231101-122821
min = 118 ns
mean = 298.292200 ns
max = 20997 ns
median = 250.000000 ns
std = 418.788976 ns
sum = 1491461 ns
first = 185 ns
second = 299 ns
third = 204 ns
len = 5000

real	0m50.619s
user	0m0.058s
sys	0m0.089s
Waiting for data availability.
Tracing stopped for session auto-20231101-122821
Destroying session auto-20231101-122821..
Session auto-20231101-122821 destroyed
########## Run no 4 executable=benchmark-logs-simple TRACING_ENABLED=ON OPENTELEMETRY_C_TRACING_ENABLED=OFF in lttng session but all events disabled ##########
Session auto-20231101-122912 created.
Traces will be output to /home/eysan/lttng-traces/auto-20231101-122912
ust channel default-channel enabled for session auto-20231101-122912
Tracing started for session auto-20231101-122912
min = 131 ns
mean = 288.487200 ns
max = 881 ns
median = 361.000000 ns
std = 54.414548 ns
sum = 1442436 ns
first = 227 ns
second = 255 ns
third = 250 ns
len = 5000

real	0m50.616s
user	0m0.043s
sys	0m0.104s
Waiting for data availability.
Tracing stopped for session auto-20231101-122912
Destroying session auto-20231101-122912..
Session auto-20231101-122912 destroyed
########## Run no 5 executable=benchmark-logs-simple TRACING_ENABLED=ON OPENTELEMETRY_C_TRACING_ENABLED=OFF in lttng session but all events disabled ##########
Session auto-20231101-123004 created.
Traces will be output to /home/eysan/lttng-traces/auto-20231101-123004
ust channel default-channel enabled for session auto-20231101-123004
Tracing started for session auto-20231101-123004
min = 161 ns
mean = 322.803400 ns
max = 785 ns
median = 315.000000 ns
std = 56.444202 ns
sum = 1614017 ns
first = 231 ns
second = 346 ns
third = 217 ns
len = 5000

real	0m50.626s
user	0m0.056s
sys	0m0.093s
Waiting for data availability.
Tracing stopped for session auto-20231101-123004
Destroying session auto-20231101-123004..
Session auto-20231101-123004 destroyed
########## Run no 6 executable=benchmark-logs-simple TRACING_ENABLED=ON OPENTELEMETRY_C_TRACING_ENABLED=OFF in lttng session but all events disabled ##########
Session auto-20231101-123055 created.
Traces will be output to /home/eysan/lttng-traces/auto-20231101-123055
ust channel default-channel enabled for session auto-20231101-123055
Tracing started for session auto-20231101-123055
min = 172 ns
mean = 436.028200 ns
max = 10066 ns
median = 447.000000 ns
std = 202.463926 ns
sum = 2180141 ns
first = 172 ns
second = 351 ns
third = 348 ns
len = 5000

real	0m50.636s
user	0m0.058s
sys	0m0.092s
Waiting for data availability.
Tracing stopped for session auto-20231101-123055
Destroying session auto-20231101-123055..
Session auto-20231101-123055 destroyed
########## Run no 7 executable=benchmark-logs-simple TRACING_ENABLED=ON OPENTELEMETRY_C_TRACING_ENABLED=OFF in lttng session but all events disabled ##########
Session auto-20231101-123147 created.
Traces will be output to /home/eysan/lttng-traces/auto-20231101-123147
ust channel default-channel enabled for session auto-20231101-123147
Tracing started for session auto-20231101-123147
min = 188 ns
mean = 445.164200 ns
max = 15286 ns
median = 404.500000 ns
std = 327.651387 ns
sum = 2225821 ns
first = 209 ns
second = 317 ns
third = 382 ns
len = 5000

real	0m50.621s
user	0m0.058s
sys	0m0.091s
Waiting for data availability.
Tracing stopped for session auto-20231101-123147
Destroying session auto-20231101-123147..
Session auto-20231101-123147 destroyed
########## Run no 8 executable=benchmark-logs-simple TRACING_ENABLED=ON OPENTELEMETRY_C_TRACING_ENABLED=OFF in lttng session but all events disabled ##########
Session auto-20231101-123238 created.
Traces will be output to /home/eysan/lttng-traces/auto-20231101-123238
ust channel default-channel enabled for session auto-20231101-123238
Tracing started for session auto-20231101-123238
min = 168 ns
mean = 291.754200 ns
max = 32347 ns
median = 305.000000 ns
std = 456.497720 ns
sum = 1458771 ns
first = 513 ns
second = 211 ns
third = 259 ns
len = 5000

real	0m50.622s
user	0m0.059s
sys	0m0.089s
Waiting for data availability.
Tracing stopped for session auto-20231101-123238
Destroying session auto-20231101-123238..
Session auto-20231101-123238 destroyed
########## Run no 9 executable=benchmark-logs-simple TRACING_ENABLED=ON OPENTELEMETRY_C_TRACING_ENABLED=OFF in lttng session but all events disabled ##########
Session auto-20231101-123329 created.
Traces will be output to /home/eysan/lttng-traces/auto-20231101-123329
ust channel default-channel enabled for session auto-20231101-123329
Tracing started for session auto-20231101-123329
min = 165 ns
mean = 495.770200 ns
max = 32506 ns
median = 450.000000 ns
std = 600.697445 ns
sum = 2478851 ns
first = 166 ns
second = 458 ns
third = 399 ns
len = 5000

real	0m50.625s
user	0m0.054s
sys	0m0.097s
Waiting for data availability.
Tracing stopped for session auto-20231101-123329
Destroying session auto-20231101-123329..
Session auto-20231101-123329 destroyed
########## Run no 10 executable=benchmark-logs-simple TRACING_ENABLED=ON OPENTELEMETRY_C_TRACING_ENABLED=OFF in lttng session but all events disabled ##########
Session auto-20231101-123421 created.
Traces will be output to /home/eysan/lttng-traces/auto-20231101-123421
ust channel default-channel enabled for session auto-20231101-123421
Tracing started for session auto-20231101-123421
min = 91 ns
mean = 285.817800 ns
max = 15084 ns
median = 315.500000 ns
std = 215.425175 ns
sum = 1429089 ns
first = 256 ns
second = 220 ns
third = 253 ns
len = 5000

real	0m50.623s
user	0m0.049s
sys	0m0.098s
Waiting for data availability.
Tracing stopped for session auto-20231101-123421
Destroying session auto-20231101-123421..
Session auto-20231101-123421 destroyed
########## Run no 1 executable=benchmark-logs-simple TRACING_ENABLED=ON OPENTELEMETRY_C_TRACING_ENABLED=OFF in lttng session ust event enabled ##########
Session auto-20231101-123512 created.
Traces will be output to /home/eysan/lttng-traces/auto-20231101-123512
ust event opentelemetry:* created in channel channel0
Tracing started for session auto-20231101-123512
min = 158 ns
mean = 438.495800 ns
max = 7288 ns
median = 466.000000 ns
std = 131.991409 ns
sum = 2192479 ns
first = 207 ns
second = 350 ns
third = 364 ns
len = 5000

real	0m50.628s
user	0m0.040s
sys	0m0.110s
Waiting for data availability.
Tracing stopped for session auto-20231101-123512
Destroying session auto-20231101-123512..
Session auto-20231101-123512 destroyed
########## Run no 2 executable=benchmark-logs-simple TRACING_ENABLED=ON OPENTELEMETRY_C_TRACING_ENABLED=OFF in lttng session ust event enabled ##########
Session auto-20231101-123603 created.
Traces will be output to /home/eysan/lttng-traces/auto-20231101-123603
ust event opentelemetry:* created in channel channel0
Tracing started for session auto-20231101-123603
min = 110 ns
mean = 313.858800 ns
max = 17217 ns
median = 283.500000 ns
std = 285.301216 ns
sum = 1569294 ns
first = 180 ns
second = 204 ns
third = 191 ns
len = 5000

real	0m50.629s
user	0m0.054s
sys	0m0.095s
Waiting for data availability.
Tracing stopped for session auto-20231101-123603
Destroying session auto-20231101-123603..
Session auto-20231101-123603 destroyed
########## Run no 3 executable=benchmark-logs-simple TRACING_ENABLED=ON OPENTELEMETRY_C_TRACING_ENABLED=OFF in lttng session ust event enabled ##########
Session auto-20231101-123655 created.
Traces will be output to /home/eysan/lttng-traces/auto-20231101-123655
ust event opentelemetry:* created in channel channel0
Tracing started for session auto-20231101-123655
min = 179 ns
mean = 336.123200 ns
max = 70327 ns
median = 264.000000 ns
std = 1122.623795 ns
sum = 1680616 ns
first = 270 ns
second = 222 ns
third = 216 ns
len = 5000

real	0m50.630s
user	0m0.057s
sys	0m0.094s
Waiting for data availability.
Tracing stopped for session auto-20231101-123655
Destroying session auto-20231101-123655..
Session auto-20231101-123655 destroyed
########## Run no 4 executable=benchmark-logs-simple TRACING_ENABLED=ON OPENTELEMETRY_C_TRACING_ENABLED=OFF in lttng session ust event enabled ##########
Session auto-20231101-123746 created.
Traces will be output to /home/eysan/lttng-traces/auto-20231101-123746
ust event opentelemetry:* created in channel channel0
Tracing started for session auto-20231101-123746
min = 115 ns
mean = 329.673600 ns
max = 35462 ns
median = 275.500000 ns
std = 504.042176 ns
sum = 1648368 ns
first = 185 ns
second = 283 ns
third = 220 ns
len = 5000

real	0m50.628s
user	0m0.064s
sys	0m0.087s
Waiting for data availability.
Tracing stopped for session auto-20231101-123746
Destroying session auto-20231101-123746..
Session auto-20231101-123746 destroyed
########## Run no 5 executable=benchmark-logs-simple TRACING_ENABLED=ON OPENTELEMETRY_C_TRACING_ENABLED=OFF in lttng session ust event enabled ##########
Session auto-20231101-123837 created.
Traces will be output to /home/eysan/lttng-traces/auto-20231101-123837
ust event opentelemetry:* created in channel channel0
Tracing started for session auto-20231101-123837
min = 127 ns
mean = 311.665000 ns
max = 37958 ns
median = 263.500000 ns
std = 535.685264 ns
sum = 1558325 ns
first = 223 ns
second = 220 ns
third = 224 ns
len = 5000

real	0m50.620s
user	0m0.036s
sys	0m0.114s
Waiting for data availability.
Tracing stopped for session auto-20231101-123837
Destroying session auto-20231101-123837..
Session auto-20231101-123837 destroyed
########## Run no 6 executable=benchmark-logs-simple TRACING_ENABLED=ON OPENTELEMETRY_C_TRACING_ENABLED=OFF in lttng session ust event enabled ##########
Session auto-20231101-123929 created.
Traces will be output to /home/eysan/lttng-traces/auto-20231101-123929
ust event opentelemetry:* created in channel channel0
Tracing started for session auto-20231101-123929
min = 112 ns
mean = 305.314200 ns
max = 22476 ns
median = 259.500000 ns
std = 320.794490 ns
sum = 1526571 ns
first = 268 ns
second = 210 ns
third = 217 ns
len = 5000

real	0m50.619s
user	0m0.020s
sys	0m0.126s
Waiting for data availability.
Tracing stopped for session auto-20231101-123929
Destroying session auto-20231101-123929..
Session auto-20231101-123929 destroyed
########## Run no 7 executable=benchmark-logs-simple TRACING_ENABLED=ON OPENTELEMETRY_C_TRACING_ENABLED=OFF in lttng session ust event enabled ##########
Session auto-20231101-124020 created.
Traces will be output to /home/eysan/lttng-traces/auto-20231101-124020
ust event opentelemetry:* created in channel channel0
Tracing started for session auto-20231101-124020
min = 184 ns
mean = 303.479600 ns
max = 1681 ns
median = 279.500000 ns
std = 67.099332 ns
sum = 1517398 ns
first = 256 ns
second = 288 ns
third = 213 ns
len = 5000

real	0m50.624s
user	0m0.052s
sys	0m0.097s
Waiting for data availability.
Tracing stopped for session auto-20231101-124020
Destroying session auto-20231101-124020..
Session auto-20231101-124020 destroyed
########## Run no 8 executable=benchmark-logs-simple TRACING_ENABLED=ON OPENTELEMETRY_C_TRACING_ENABLED=OFF in lttng session ust event enabled ##########
Session auto-20231101-124111 created.
Traces will be output to /home/eysan/lttng-traces/auto-20231101-124111
ust event opentelemetry:* created in channel channel0
Tracing started for session auto-20231101-124111
min = 124 ns
mean = 314.974600 ns
max = 10099 ns
median = 330.500000 ns
std = 222.282793 ns
sum = 1574873 ns
first = 244 ns
second = 279 ns
third = 204 ns
len = 5000

real	0m50.617s
user	0m0.064s
sys	0m0.084s
Waiting for data availability.
Tracing stopped for session auto-20231101-124111
Destroying session auto-20231101-124111..
Session auto-20231101-124111 destroyed
########## Run no 9 executable=benchmark-logs-simple TRACING_ENABLED=ON OPENTELEMETRY_C_TRACING_ENABLED=OFF in lttng session ust event enabled ##########
Session auto-20231101-124203 created.
Traces will be output to /home/eysan/lttng-traces/auto-20231101-124203
ust event opentelemetry:* created in channel channel0
Tracing started for session auto-20231101-124203
min = 147 ns
mean = 315.443000 ns
max = 22677 ns
median = 320.500000 ns
std = 536.309438 ns
sum = 1577215 ns
first = 168 ns
second = 248 ns
third = 222 ns
len = 5000

real	0m50.612s
user	0m0.073s
sys	0m0.073s
Waiting for data availability.
Tracing stopped for session auto-20231101-124203
Destroying session auto-20231101-124203..
Session auto-20231101-124203 destroyed
########## Run no 10 executable=benchmark-logs-simple TRACING_ENABLED=ON OPENTELEMETRY_C_TRACING_ENABLED=OFF in lttng session ust event enabled ##########
Session auto-20231101-124254 created.
Traces will be output to /home/eysan/lttng-traces/auto-20231101-124254
ust event opentelemetry:* created in channel channel0
Tracing started for session auto-20231101-124254
min = 160 ns
mean = 311.077800 ns
max = 914 ns
median = 270.500000 ns
std = 56.867377 ns
sum = 1555389 ns
first = 192 ns
second = 234 ns
third = 234 ns
len = 5000

real	0m50.624s
user	0m0.016s
sys	0m0.132s
Waiting for data availability.
Tracing stopped for session auto-20231101-124254
Destroying session auto-20231101-124254..
Session auto-20231101-124254 destroyed
########## Run no 1 executable=benchmark-logs-simple TRACING_ENABLED=ON OPENTELEMETRY_C_TRACING_ENABLED=OFF in remote lttng session ust event enabled ##########
PING 132.207.72.28 (132.207.72.28) 56(84) bytes of data.
64 bytes from 132.207.72.28: icmp_seq=1 ttl=64 time=0.792 ms
64 bytes from 132.207.72.28: icmp_seq=2 ttl=64 time=0.518 ms
64 bytes from 132.207.72.28: icmp_seq=3 ttl=64 time=0.507 ms
64 bytes from 132.207.72.28: icmp_seq=4 ttl=64 time=0.742 ms
64 bytes from 132.207.72.28: icmp_seq=5 ttl=64 time=0.578 ms

--- 132.207.72.28 ping statistics ---
5 packets transmitted, 5 received, 0% packet loss, time 4101ms
rtt min/avg/max/mdev = 0.507/0.627/0.792/0.117 ms
Session auto-20231101-124350 created.
Traces will be output to tcp4://132.207.72.28:5342/ [data: 5343]
ust event opentelemetry:* created in channel channel0
Tracing started for session auto-20231101-124350
min = 127 ns
mean = 290.571200 ns
max = 1176 ns
median = 338.000000 ns
std = 57.914573 ns
sum = 1452856 ns
first = 183 ns
second = 255 ns
third = 256 ns
len = 5000

real	0m50.628s
user	0m0.052s
sys	0m0.102s
Waiting for data availability.
Tracing stopped for session auto-20231101-124350
Destroying session auto-20231101-124350..
Session auto-20231101-124350 destroyed
########## Run no 2 executable=benchmark-logs-simple TRACING_ENABLED=ON OPENTELEMETRY_C_TRACING_ENABLED=OFF in remote lttng session ust event enabled ##########
PING 132.207.72.28 (132.207.72.28) 56(84) bytes of data.
64 bytes from 132.207.72.28: icmp_seq=1 ttl=64 time=0.528 ms
64 bytes from 132.207.72.28: icmp_seq=2 ttl=64 time=0.920 ms
64 bytes from 132.207.72.28: icmp_seq=3 ttl=64 time=0.575 ms
64 bytes from 132.207.72.28: icmp_seq=4 ttl=64 time=0.590 ms
64 bytes from 132.207.72.28: icmp_seq=5 ttl=64 time=0.692 ms

--- 132.207.72.28 ping statistics ---
5 packets transmitted, 5 received, 0% packet loss, time 4043ms
rtt min/avg/max/mdev = 0.528/0.661/0.920/0.140 ms
Session auto-20231101-124445 created.
Traces will be output to tcp4://132.207.72.28:5342/ [data: 5343]
ust event opentelemetry:* created in channel channel0
Tracing started for session auto-20231101-124445
min = 128 ns
mean = 299.001200 ns
max = 32742 ns
median = 316.500000 ns
std = 467.151315 ns
sum = 1495006 ns
first = 581 ns
second = 287 ns
third = 202 ns
len = 5000

real	0m50.632s
user	0m0.057s
sys	0m0.097s
Waiting for data availability.
Tracing stopped for session auto-20231101-124445
Destroying session auto-20231101-124445..
Session auto-20231101-124445 destroyed
########## Run no 3 executable=benchmark-logs-simple TRACING_ENABLED=ON OPENTELEMETRY_C_TRACING_ENABLED=OFF in remote lttng session ust event enabled ##########
PING 132.207.72.28 (132.207.72.28) 56(84) bytes of data.
64 bytes from 132.207.72.28: icmp_seq=1 ttl=64 time=0.479 ms
64 bytes from 132.207.72.28: icmp_seq=2 ttl=64 time=0.603 ms
64 bytes from 132.207.72.28: icmp_seq=3 ttl=64 time=0.562 ms
64 bytes from 132.207.72.28: icmp_seq=4 ttl=64 time=0.782 ms
64 bytes from 132.207.72.28: icmp_seq=5 ttl=64 time=0.645 ms

--- 132.207.72.28 ping statistics ---
5 packets transmitted, 5 received, 0% packet loss, time 4080ms
rtt min/avg/max/mdev = 0.479/0.614/0.782/0.100 ms
Session auto-20231101-124541 created.
Traces will be output to tcp4://132.207.72.28:5342/ [data: 5343]
ust event opentelemetry:* created in channel channel0
Tracing started for session auto-20231101-124541
min = 169 ns
mean = 382.963600 ns
max = 33827 ns
median = 410.500000 ns
std = 656.883291 ns
sum = 1914818 ns
first = 292 ns
second = 279 ns
third = 326 ns
len = 5000

real	0m50.632s
user	0m0.087s
sys	0m0.066s
Waiting for data availability.
Tracing stopped for session auto-20231101-124541
Destroying session auto-20231101-124541..
Session auto-20231101-124541 destroyed
########## Run no 4 executable=benchmark-logs-simple TRACING_ENABLED=ON OPENTELEMETRY_C_TRACING_ENABLED=OFF in remote lttng session ust event enabled ##########
PING 132.207.72.28 (132.207.72.28) 56(84) bytes of data.
64 bytes from 132.207.72.28: icmp_seq=1 ttl=64 time=0.472 ms
64 bytes from 132.207.72.28: icmp_seq=2 ttl=64 time=0.686 ms
64 bytes from 132.207.72.28: icmp_seq=3 ttl=64 time=0.588 ms
64 bytes from 132.207.72.28: icmp_seq=4 ttl=64 time=0.686 ms
64 bytes from 132.207.72.28: icmp_seq=5 ttl=64 time=0.616 ms

--- 132.207.72.28 ping statistics ---
5 packets transmitted, 5 received, 0% packet loss, time 4086ms
rtt min/avg/max/mdev = 0.472/0.609/0.686/0.078 ms
Session auto-20231101-124636 created.
Traces will be output to tcp4://132.207.72.28:5342/ [data: 5343]
ust event opentelemetry:* created in channel channel0
Tracing started for session auto-20231101-124636
min = 123 ns
mean = 314.265400 ns
max = 9951 ns
median = 267.000000 ns
std = 175.883861 ns
sum = 1571327 ns
first = 263 ns
second = 214 ns
third = 229 ns
len = 5000

real	0m50.635s
user	0m0.037s
sys	0m0.112s
Waiting for data availability.
Tracing stopped for session auto-20231101-124636
Destroying session auto-20231101-124636..
Session auto-20231101-124636 destroyed
########## Run no 5 executable=benchmark-logs-simple TRACING_ENABLED=ON OPENTELEMETRY_C_TRACING_ENABLED=OFF in remote lttng session ust event enabled ##########
PING 132.207.72.28 (132.207.72.28) 56(84) bytes of data.
64 bytes from 132.207.72.28: icmp_seq=1 ttl=64 time=0.497 ms
64 bytes from 132.207.72.28: icmp_seq=2 ttl=64 time=1.04 ms
64 bytes from 132.207.72.28: icmp_seq=3 ttl=64 time=0.717 ms
64 bytes from 132.207.72.28: icmp_seq=4 ttl=64 time=0.516 ms
64 bytes from 132.207.72.28: icmp_seq=5 ttl=64 time=0.736 ms

--- 132.207.72.28 ping statistics ---
5 packets transmitted, 5 received, 0% packet loss, time 4043ms
rtt min/avg/max/mdev = 0.497/0.700/1.038/0.195 ms
Session auto-20231101-124732 created.
Traces will be output to tcp4://132.207.72.28:5342/ [data: 5343]
ust event opentelemetry:* created in channel channel0
Tracing started for session auto-20231101-124732
min = 168 ns
mean = 309.243400 ns
max = 12559 ns
median = 330.000000 ns
std = 192.195105 ns
sum = 1546217 ns
first = 226 ns
second = 217 ns
third = 249 ns
len = 5000

real	0m50.631s
user	0m0.024s
sys	0m0.128s
Waiting for data availability.
Tracing stopped for session auto-20231101-124732
Destroying session auto-20231101-124732..
Session auto-20231101-124732 destroyed
########## Run no 6 executable=benchmark-logs-simple TRACING_ENABLED=ON OPENTELEMETRY_C_TRACING_ENABLED=OFF in remote lttng session ust event enabled ##########
PING 132.207.72.28 (132.207.72.28) 56(84) bytes of data.
64 bytes from 132.207.72.28: icmp_seq=1 ttl=64 time=0.551 ms
64 bytes from 132.207.72.28: icmp_seq=2 ttl=64 time=0.526 ms
64 bytes from 132.207.72.28: icmp_seq=3 ttl=64 time=0.651 ms
64 bytes from 132.207.72.28: icmp_seq=4 ttl=64 time=0.777 ms
64 bytes from 132.207.72.28: icmp_seq=5 ttl=64 time=0.710 ms

--- 132.207.72.28 ping statistics ---
5 packets transmitted, 5 received, 0% packet loss, time 4085ms
rtt min/avg/max/mdev = 0.526/0.643/0.777/0.094 ms
Session auto-20231101-124827 created.
Traces will be output to tcp4://132.207.72.28:5342/ [data: 5343]
ust event opentelemetry:* created in channel channel0
Tracing started for session auto-20231101-124827
min = 197 ns
mean = 360.545400 ns
max = 10401 ns
median = 374.500000 ns
std = 201.635774 ns
sum = 1802727 ns
first = 225 ns
second = 255 ns
third = 263 ns
len = 5000

real	0m50.639s
user	0m0.069s
sys	0m0.083s
Waiting for data availability.
Tracing stopped for session auto-20231101-124827
Destroying session auto-20231101-124827..
Session auto-20231101-124827 destroyed
########## Run no 7 executable=benchmark-logs-simple TRACING_ENABLED=ON OPENTELEMETRY_C_TRACING_ENABLED=OFF in remote lttng session ust event enabled ##########
PING 132.207.72.28 (132.207.72.28) 56(84) bytes of data.
64 bytes from 132.207.72.28: icmp_seq=1 ttl=64 time=0.505 ms
64 bytes from 132.207.72.28: icmp_seq=2 ttl=64 time=0.790 ms
64 bytes from 132.207.72.28: icmp_seq=3 ttl=64 time=0.741 ms
64 bytes from 132.207.72.28: icmp_seq=4 ttl=64 time=0.723 ms
64 bytes from 132.207.72.28: icmp_seq=5 ttl=64 time=0.877 ms

--- 132.207.72.28 ping statistics ---
5 packets transmitted, 5 received, 0% packet loss, time 4102ms
rtt min/avg/max/mdev = 0.505/0.727/0.877/0.123 ms
Session auto-20231101-124923 created.
Traces will be output to tcp4://132.207.72.28:5342/ [data: 5343]
ust event opentelemetry:* created in channel channel0
Tracing started for session auto-20231101-124923
min = 179 ns
mean = 296.810000 ns
max = 1658 ns
median = 279.500000 ns
std = 55.483020 ns
sum = 1484050 ns
first = 277 ns
second = 224 ns
third = 215 ns
len = 5000

real	0m50.636s
user	0m0.067s
sys	0m0.083s
Waiting for data availability.
Tracing stopped for session auto-20231101-124923
Destroying session auto-20231101-124923..
Session auto-20231101-124923 destroyed
########## Run no 8 executable=benchmark-logs-simple TRACING_ENABLED=ON OPENTELEMETRY_C_TRACING_ENABLED=OFF in remote lttng session ust event enabled ##########
PING 132.207.72.28 (132.207.72.28) 56(84) bytes of data.
64 bytes from 132.207.72.28: icmp_seq=1 ttl=64 time=0.487 ms
64 bytes from 132.207.72.28: icmp_seq=2 ttl=64 time=0.748 ms
64 bytes from 132.207.72.28: icmp_seq=3 ttl=64 time=0.762 ms
64 bytes from 132.207.72.28: icmp_seq=4 ttl=64 time=0.704 ms
64 bytes from 132.207.72.28: icmp_seq=5 ttl=64 time=0.783 ms

--- 132.207.72.28 ping statistics ---
5 packets transmitted, 5 received, 0% packet loss, time 4075ms
rtt min/avg/max/mdev = 0.487/0.696/0.783/0.108 ms
Session auto-20231101-125018 created.
Traces will be output to tcp4://132.207.72.28:5342/ [data: 5343]
ust event opentelemetry:* created in channel channel0
Tracing started for session auto-20231101-125018
min = 142 ns
mean = 298.154200 ns
max = 6793 ns
median = 282.000000 ns
std = 133.269845 ns
sum = 1490771 ns
first = 305 ns
second = 229 ns
third = 220 ns
len = 5000

real	0m50.633s
user	0m0.033s
sys	0m0.117s
Waiting for data availability.
Tracing stopped for session auto-20231101-125018
Destroying session auto-20231101-125018..
Session auto-20231101-125018 destroyed
########## Run no 9 executable=benchmark-logs-simple TRACING_ENABLED=ON OPENTELEMETRY_C_TRACING_ENABLED=OFF in remote lttng session ust event enabled ##########
PING 132.207.72.28 (132.207.72.28) 56(84) bytes of data.
64 bytes from 132.207.72.28: icmp_seq=1 ttl=64 time=0.498 ms
64 bytes from 132.207.72.28: icmp_seq=2 ttl=64 time=0.692 ms
64 bytes from 132.207.72.28: icmp_seq=3 ttl=64 time=0.521 ms
64 bytes from 132.207.72.28: icmp_seq=4 ttl=64 time=0.668 ms
64 bytes from 132.207.72.28: icmp_seq=5 ttl=64 time=0.714 ms

--- 132.207.72.28 ping statistics ---
5 packets transmitted, 5 received, 0% packet loss, time 4087ms
rtt min/avg/max/mdev = 0.498/0.618/0.714/0.090 ms
Session auto-20231101-125114 created.
Traces will be output to tcp4://132.207.72.28:5342/ [data: 5343]
ust event opentelemetry:* created in channel channel0
Tracing started for session auto-20231101-125114
min = 217 ns
mean = 420.735200 ns
max = 14908 ns
median = 430.500000 ns
std = 257.267747 ns
sum = 2103676 ns
first = 275 ns
second = 302 ns
third = 284 ns
len = 5000

real	0m50.629s
user	0m0.063s
sys	0m0.090s
Waiting for data availability.
Tracing stopped for session auto-20231101-125114
Destroying session auto-20231101-125114..
Session auto-20231101-125114 destroyed
########## Run no 10 executable=benchmark-logs-simple TRACING_ENABLED=ON OPENTELEMETRY_C_TRACING_ENABLED=OFF in remote lttng session ust event enabled ##########
PING 132.207.72.28 (132.207.72.28) 56(84) bytes of data.
64 bytes from 132.207.72.28: icmp_seq=1 ttl=64 time=0.477 ms
64 bytes from 132.207.72.28: icmp_seq=2 ttl=64 time=0.738 ms
64 bytes from 132.207.72.28: icmp_seq=3 ttl=64 time=0.554 ms
64 bytes from 132.207.72.28: icmp_seq=4 ttl=64 time=0.557 ms
64 bytes from 132.207.72.28: icmp_seq=5 ttl=64 time=0.568 ms

--- 132.207.72.28 ping statistics ---
5 packets transmitted, 5 received, 0% packet loss, time 4094ms
rtt min/avg/max/mdev = 0.477/0.578/0.738/0.085 ms
Session auto-20231101-125209 created.
Traces will be output to tcp4://132.207.72.28:5342/ [data: 5343]
ust event opentelemetry:* created in channel channel0
Tracing started for session auto-20231101-125209
min = 114 ns
mean = 301.795400 ns
max = 31328 ns
median = 380.500000 ns
std = 565.728831 ns
sum = 1508977 ns
first = 212 ns
second = 275 ns
third = 509 ns
len = 5000

real	0m50.632s
user	0m0.023s
sys	0m0.127s
Waiting for data availability.
Tracing stopped for session auto-20231101-125209
Destroying session auto-20231101-125209..
Session auto-20231101-125209 destroyed
########## Run no 1 executable=benchmark-logs-simple TRACING_ENABLED=ON OPENTELEMETRY_C_TRACING_ENABLED=ON LTTNG_EXPORTER_ENABLED=OFF with local collector ##########
  % Total    % Received % Xferd  Average Speed   Time    Time     Time  Current
                                 Dload  Upload   Total   Spent    Left  Speed

  0     0    0     0    0     0      0      0 --:--:-- --:--:-- --:--:--     0
100   100  100   100    0     0  68540      0 --:--:-- --:--:-- --:--:--   97k
min = 1099163 ns
mean = 1923770.427200 ns
max = 18879117 ns
median = 1987244.000000 ns
std = 396080.062305 ns
sum = 9618852136 ns
first = 18879117 ns
second = 1566171 ns
third = 1366692 ns
len = 5000

real	1m0.172s
user	0m7.152s
sys	0m0.439s
########## Run no 2 executable=benchmark-logs-simple TRACING_ENABLED=ON OPENTELEMETRY_C_TRACING_ENABLED=ON LTTNG_EXPORTER_ENABLED=OFF with local collector ##########
  % Total    % Received % Xferd  Average Speed   Time    Time     Time  Current
                                 Dload  Upload   Total   Spent    Left  Speed

  0     0    0     0    0     0      0      0 --:--:-- --:--:-- --:--:--     0
100   100  100   100    0     0  76923      0 --:--:-- --:--:-- --:--:--   97k
min = 1043988 ns
mean = 1935727.985400 ns
max = 11597965 ns
median = 1915691.000000 ns
std = 345111.676240 ns
sum = 9678639927 ns
first = 11597965 ns
second = 2688754 ns
third = 1628760 ns
len = 5000

real	1m0.228s
user	0m7.190s
sys	0m0.471s
########## Run no 3 executable=benchmark-logs-simple TRACING_ENABLED=ON OPENTELEMETRY_C_TRACING_ENABLED=ON LTTNG_EXPORTER_ENABLED=OFF with local collector ##########
  % Total    % Received % Xferd  Average Speed   Time    Time     Time  Current
                                 Dload  Upload   Total   Spent    Left  Speed

  0     0    0     0    0     0      0      0 --:--:-- --:--:-- --:--:--     0
100   100  100   100    0     0  68399      0 --:--:-- --:--:-- --:--:--   97k
min = 1106387 ns
mean = 1932006.780600 ns
max = 11912917 ns
median = 1993639.000000 ns
std = 341181.233201 ns
sum = 9660033903 ns
first = 11912917 ns
second = 1658439 ns
third = 1273278 ns
len = 5000

real	1m0.210s
user	0m7.203s
sys	0m0.421s
########## Run no 4 executable=benchmark-logs-simple TRACING_ENABLED=ON OPENTELEMETRY_C_TRACING_ENABLED=ON LTTNG_EXPORTER_ENABLED=OFF with local collector ##########
  % Total    % Received % Xferd  Average Speed   Time    Time     Time  Current
                                 Dload  Upload   Total   Spent    Left  Speed

  0     0    0     0    0     0      0      0 --:--:-- --:--:-- --:--:--     0
100   100  100   100    0     0  63051      0 --:--:-- --:--:-- --:--:--   97k
min = 1147128 ns
mean = 1944596.315600 ns
max = 12076755 ns
median = 2196250.000000 ns
std = 352425.779644 ns
sum = 9722981578 ns
first = 12076755 ns
second = 1606348 ns
third = 1286373 ns
len = 5000

real	1m0.275s
user	0m7.111s
sys	0m0.603s
########## Run no 5 executable=benchmark-logs-simple TRACING_ENABLED=ON OPENTELEMETRY_C_TRACING_ENABLED=ON LTTNG_EXPORTER_ENABLED=OFF with local collector ##########
  % Total    % Received % Xferd  Average Speed   Time    Time     Time  Current
                                 Dload  Upload   Total   Spent    Left  Speed

  0     0    0     0    0     0      0      0 --:--:-- --:--:-- --:--:--     0
100   100  100   100    0     0  79491      0 --:--:-- --:--:-- --:--:--   97k
min = 880700 ns
mean = 1953924.355200 ns
max = 11474727 ns
median = 2148830.500000 ns
std = 357650.875127 ns
sum = 9769621776 ns
first = 11474727 ns
second = 1406773 ns
third = 1884474 ns
len = 5000

real	1m0.320s
user	0m7.202s
sys	0m0.514s
########## Run no 6 executable=benchmark-logs-simple TRACING_ENABLED=ON OPENTELEMETRY_C_TRACING_ENABLED=ON LTTNG_EXPORTER_ENABLED=OFF with local collector ##########
  % Total    % Received % Xferd  Average Speed   Time    Time     Time  Current
                                 Dload  Upload   Total   Spent    Left  Speed

  0     0    0     0    0     0      0      0 --:--:-- --:--:-- --:--:--     0
100   100  100   100    0     0  74626      0 --:--:-- --:--:-- --:--:--   97k
min = 924111 ns
mean = 1944263.483800 ns
max = 13219075 ns
median = 1851569.000000 ns
std = 357353.542216 ns
sum = 9721317419 ns
first = 13219075 ns
second = 1706473 ns
third = 1993996 ns
len = 5000

real	1m0.273s
user	0m7.361s
sys	0m0.345s
########## Run no 7 executable=benchmark-logs-simple TRACING_ENABLED=ON OPENTELEMETRY_C_TRACING_ENABLED=ON LTTNG_EXPORTER_ENABLED=OFF with local collector ##########
  % Total    % Received % Xferd  Average Speed   Time    Time     Time  Current
                                 Dload  Upload   Total   Spent    Left  Speed

  0     0    0     0    0     0      0      0 --:--:-- --:--:-- --:--:--     0
100   100  100   100    0     0  70077      0 --:--:-- --:--:-- --:--:--   97k
min = 1150003 ns
mean = 1940692.328000 ns
max = 11978241 ns
median = 2129389.000000 ns
std = 352314.412351 ns
sum = 9703461640 ns
first = 11978241 ns
second = 2090022 ns
third = 2173540 ns
len = 5000

real	1m0.256s
user	0m7.337s
sys	0m0.333s
########## Run no 8 executable=benchmark-logs-simple TRACING_ENABLED=ON OPENTELEMETRY_C_TRACING_ENABLED=ON LTTNG_EXPORTER_ENABLED=OFF with local collector ##########
  % Total    % Received % Xferd  Average Speed   Time    Time     Time  Current
                                 Dload  Upload   Total   Spent    Left  Speed

  0     0    0     0    0     0      0      0 --:--:-- --:--:-- --:--:--     0
100   100  100   100    0     0  80256      0 --:--:-- --:--:-- --:--:--   97k
min = 1039612 ns
mean = 1925715.271800 ns
max = 12416871 ns
median = 1884753.500000 ns
std = 347225.117197 ns
sum = 9628576359 ns
first = 12416871 ns
second = 1496752 ns
third = 1648924 ns
len = 5000

real	1m0.176s
user	0m7.172s
sys	0m0.423s
########## Run no 9 executable=benchmark-logs-simple TRACING_ENABLED=ON OPENTELEMETRY_C_TRACING_ENABLED=ON LTTNG_EXPORTER_ENABLED=OFF with local collector ##########
  % Total    % Received % Xferd  Average Speed   Time    Time     Time  Current
                                 Dload  Upload   Total   Spent    Left  Speed

  0     0    0     0    0     0      0      0 --:--:-- --:--:-- --:--:--     0
100    97  100    97    0     0  66166      0 --:--:-- --:--:-- --:--:-- 97000
min = 1115092 ns
mean = 1930113.770800 ns
max = 12244483 ns
median = 1797561.000000 ns
std = 353182.243144 ns
sum = 9650568854 ns
first = 12244483 ns
second = 1879770 ns
third = 2146716 ns
len = 5000

real	1m0.200s
user	0m7.234s
sys	0m0.380s
########## Run no 10 executable=benchmark-logs-simple TRACING_ENABLED=ON OPENTELEMETRY_C_TRACING_ENABLED=ON LTTNG_EXPORTER_ENABLED=OFF with local collector ##########
  % Total    % Received % Xferd  Average Speed   Time    Time     Time  Current
                                 Dload  Upload   Total   Spent    Left  Speed

  0     0    0     0    0     0      0      0 --:--:-- --:--:-- --:--:--     0
100   100  100   100    0     0  64641      0 --:--:-- --:--:-- --:--:--   97k
min = 1162597 ns
mean = 1942426.802400 ns
max = 14075368 ns
median = 1942680.000000 ns
std = 366042.981229 ns
sum = 9712134012 ns
first = 14075368 ns
second = 1646119 ns
third = 2351263 ns
len = 5000

real	1m0.257s
user	0m7.179s
sys	0m0.481s
########## Run no 1 executable=benchmark-logs-simple TRACING_ENABLED=ON OPENTELEMETRY_C_TRACING_ENABLED=ON LTTNG_EXPORTER_ENABLED=OFF with remote collector ##########
  % Total    % Received % Xferd  Average Speed   Time    Time     Time  Current
                                 Dload  Upload   Total   Spent    Left  Speed

  0     0    0     0    0     0      0      0 --:--:-- --:--:-- --:--:--     0
100    99  100    99    0     0  14507      0 --:--:-- --:--:-- --:--:-- 16500
min = 971322 ns
mean = 1935101.640800 ns
max = 12112564 ns
median = 2358447.500000 ns
std = 349013.067129 ns
sum = 9675508204 ns
first = 12112564 ns
second = 1966838 ns
third = 1555449 ns
len = 5000

real	1m0.216s
user	0m7.195s
sys	0m0.466s
########## Run no 2 executable=benchmark-logs-simple TRACING_ENABLED=ON OPENTELEMETRY_C_TRACING_ENABLED=ON LTTNG_EXPORTER_ENABLED=OFF with remote collector ##########
  % Total    % Received % Xferd  Average Speed   Time    Time     Time  Current
                                 Dload  Upload   Total   Spent    Left  Speed

  0     0    0     0    0     0      0      0 --:--:-- --:--:-- --:--:--     0
100    99  100    99    0     0  30659      0 --:--:-- --:--:-- --:--:-- 33000
min = 908226 ns
mean = 1929224.259200 ns
max = 11823341 ns
median = 1936226.000000 ns
std = 360586.946444 ns
sum = 9646121296 ns
first = 11823341 ns
second = 1502951 ns
third = 1048255 ns
len = 5000

real	1m0.191s
user	0m7.034s
sys	0m0.590s
########## Run no 3 executable=benchmark-logs-simple TRACING_ENABLED=ON OPENTELEMETRY_C_TRACING_ENABLED=ON LTTNG_EXPORTER_ENABLED=OFF with remote collector ##########
  % Total    % Received % Xferd  Average Speed   Time    Time     Time  Current
                                 Dload  Upload   Total   Spent    Left  Speed

  0     0    0     0    0     0      0      0 --:--:-- --:--:-- --:--:--     0
100    99  100    99    0     0  27250      0 --:--:-- --:--:-- --:--:-- 33000
min = 1148624 ns
mean = 1952598.557600 ns
max = 12103089 ns
median = 2431280.500000 ns
std = 344491.070580 ns
sum = 9762992788 ns
first = 12103089 ns
second = 1589477 ns
third = 2101685 ns
len = 5000

real	1m0.318s
user	0m7.158s
sys	0m0.567s
########## Run no 4 executable=benchmark-logs-simple TRACING_ENABLED=ON OPENTELEMETRY_C_TRACING_ENABLED=ON LTTNG_EXPORTER_ENABLED=OFF with remote collector ##########
  % Total    % Received % Xferd  Average Speed   Time    Time     Time  Current
                                 Dload  Upload   Total   Spent    Left  Speed

  0     0    0     0    0     0      0      0 --:--:-- --:--:-- --:--:--     0
100    99  100    99    0     0  25641      0 --:--:-- --:--:-- --:--:-- 33000
min = 1105141 ns
mean = 1959568.248200 ns
max = 15629779 ns
median = 2078185.000000 ns
std = 373570.500267 ns
sum = 9797841241 ns
first = 15629779 ns
second = 2132106 ns
third = 2035929 ns
len = 5000

real	1m0.352s
user	0m7.375s
sys	0m0.390s
########## Run no 5 executable=benchmark-logs-simple TRACING_ENABLED=ON OPENTELEMETRY_C_TRACING_ENABLED=ON LTTNG_EXPORTER_ENABLED=OFF with remote collector ##########
  % Total    % Received % Xferd  Average Speed   Time    Time     Time  Current
                                 Dload  Upload   Total   Spent    Left  Speed

  0     0    0     0    0     0      0      0 --:--:-- --:--:-- --:--:--     0
100    99  100    99    0     0  26428      0 --:--:-- --:--:-- --:--:-- 33000
min = 940372 ns
mean = 1947312.656400 ns
max = 12508887 ns
median = 2242135.000000 ns
std = 353801.751891 ns
sum = 9736563282 ns
first = 12508887 ns
second = 1538283 ns
third = 1103045 ns
len = 5000

real	1m0.282s
user	0m7.307s
sys	0m0.416s
########## Run no 6 executable=benchmark-logs-simple TRACING_ENABLED=ON OPENTELEMETRY_C_TRACING_ENABLED=ON LTTNG_EXPORTER_ENABLED=OFF with remote collector ##########
  % Total    % Received % Xferd  Average Speed   Time    Time     Time  Current
                                 Dload  Upload   Total   Spent    Left  Speed

  0     0    0     0    0     0      0      0 --:--:-- --:--:-- --:--:--     0
100    99  100    99    0     0  28629      0 --:--:-- --:--:-- --:--:-- 33000
min = 951550 ns
mean = 1915795.076200 ns
max = 13678985 ns
median = 1893780.500000 ns
std = 375891.905093 ns
sum = 9578975381 ns
first = 13678985 ns
second = 1711668 ns
third = 1789959 ns
len = 5000

real	1m0.122s
user	0m7.086s
sys	0m0.515s
########## Run no 7 executable=benchmark-logs-simple TRACING_ENABLED=ON OPENTELEMETRY_C_TRACING_ENABLED=ON LTTNG_EXPORTER_ENABLED=OFF with remote collector ##########
  % Total    % Received % Xferd  Average Speed   Time    Time     Time  Current
                                 Dload  Upload   Total   Spent    Left  Speed

  0     0    0     0    0     0      0      0 --:--:-- --:--:-- --:--:--     0
100    99  100    99    0     0  25242      0 --:--:-- --:--:-- --:--:-- 33000
min = 999135 ns
mean = 1929537.689800 ns
max = 11460464 ns
median = 2307418.500000 ns
std = 345155.146562 ns
sum = 9647688449 ns
first = 11460464 ns
second = 1552638 ns
third = 1389134 ns
len = 5000

real	1m0.192s
user	0m7.264s
sys	0m0.361s
########## Run no 8 executable=benchmark-logs-simple TRACING_ENABLED=ON OPENTELEMETRY_C_TRACING_ENABLED=ON LTTNG_EXPORTER_ENABLED=OFF with remote collector ##########
  % Total    % Received % Xferd  Average Speed   Time    Time     Time  Current
                                 Dload  Upload   Total   Spent    Left  Speed

  0     0    0     0    0     0      0      0 --:--:-- --:--:-- --:--:--     0
100    99  100    99    0     0  29747      0 --:--:-- --:--:-- --:--:-- 33000
min = 922747 ns
mean = 1922944.419400 ns
max = 12668417 ns
median = 2220658.000000 ns
std = 356083.172172 ns
sum = 9614722097 ns
first = 12668417 ns
second = 1700294 ns
third = 1659512 ns
len = 5000

real	1m0.164s
user	0m7.245s
sys	0m0.358s
########## Run no 9 executable=benchmark-logs-simple TRACING_ENABLED=ON OPENTELEMETRY_C_TRACING_ENABLED=ON LTTNG_EXPORTER_ENABLED=OFF with remote collector ##########
  % Total    % Received % Xferd  Average Speed   Time    Time     Time  Current
                                 Dload  Upload   Total   Spent    Left  Speed

  0     0    0     0    0     0      0      0 --:--:-- --:--:-- --:--:--     0
100    99  100    99    0     0  29403      0 --:--:-- --:--:-- --:--:-- 33000
min = 1029334 ns
mean = 1922316.684600 ns
max = 11566479 ns
median = 1609983.500000 ns
std = 338729.263447 ns
sum = 9611583423 ns
first = 11566479 ns
second = 1363908 ns
third = 2107807 ns
len = 5000

real	1m0.161s
user	0m7.083s
sys	0m0.500s
########## Run no 10 executable=benchmark-logs-simple TRACING_ENABLED=ON OPENTELEMETRY_C_TRACING_ENABLED=ON LTTNG_EXPORTER_ENABLED=OFF with remote collector ##########
  % Total    % Received % Xferd  Average Speed   Time    Time     Time  Current
                                 Dload  Upload   Total   Spent    Left  Speed

  0     0    0     0    0     0      0      0 --:--:-- --:--:-- --:--:--     0
100    99  100    99    0     0  28189      0 --:--:-- --:--:-- --:--:-- 33000
min = 1109952 ns
mean = 1933579.267600 ns
max = 12132325 ns
median = 1856450.500000 ns
std = 341199.519000 ns
sum = 9667896338 ns
first = 12132325 ns
second = 1567563 ns
third = 1390376 ns
len = 5000

real	1m0.216s
user	0m7.054s
sys	0m0.581s
########## Run no 1 executable=benchmark-logs-simple TRACING_ENABLED=ON OPENTELEMETRY_C_TRACING_ENABLED=ON LTTNG_EXPORTER_ENABLED=ON without lttng session ##########
min = 103633 ns
mean = 227305.898000 ns
max = 577083 ns
median = 235838.000000 ns
std = 21059.708947 ns
sum = 1136529490 ns
first = 577083 ns
second = 186162 ns
third = 220746 ns
len = 5000

real	0m51.733s
user	0m1.226s
sys	0m0.069s
########## Run no 2 executable=benchmark-logs-simple TRACING_ENABLED=ON OPENTELEMETRY_C_TRACING_ENABLED=ON LTTNG_EXPORTER_ENABLED=ON without lttng session ##########
min = 109845 ns
mean = 227265.009000 ns
max = 720174 ns
median = 232278.000000 ns
std = 23013.315406 ns
sum = 1136325045 ns
first = 720174 ns
second = 220757 ns
third = 217628 ns
len = 5000

real	0m51.740s
user	0m1.209s
sys	0m0.093s
########## Run no 3 executable=benchmark-logs-simple TRACING_ENABLED=ON OPENTELEMETRY_C_TRACING_ENABLED=ON LTTNG_EXPORTER_ENABLED=ON without lttng session ##########
min = 86942 ns
mean = 224887.339600 ns
max = 822514 ns
median = 221865.000000 ns
std = 24641.677085 ns
sum = 1124436698 ns
first = 822514 ns
second = 86942 ns
third = 186060 ns
len = 5000

real	0m51.736s
user	0m1.197s
sys	0m0.097s
########## Run no 4 executable=benchmark-logs-simple TRACING_ENABLED=ON OPENTELEMETRY_C_TRACING_ENABLED=ON LTTNG_EXPORTER_ENABLED=ON without lttng session ##########
min = 108688 ns
mean = 225216.271000 ns
max = 1211486 ns
median = 235595.000000 ns
std = 25432.893206 ns
sum = 1126081355 ns
first = 1211486 ns
second = 222647 ns
third = 207366 ns
len = 5000

real	0m51.735s
user	0m1.208s
sys	0m0.085s
########## Run no 5 executable=benchmark-logs-simple TRACING_ENABLED=ON OPENTELEMETRY_C_TRACING_ENABLED=ON LTTNG_EXPORTER_ENABLED=ON without lttng session ##########
min = 103699 ns
mean = 225183.555200 ns
max = 734140 ns
median = 228157.000000 ns
std = 21346.063848 ns
sum = 1125917776 ns
first = 734140 ns
second = 214908 ns
third = 207326 ns
len = 5000

real	0m51.734s
user	0m1.206s
sys	0m0.083s
########## Run no 6 executable=benchmark-logs-simple TRACING_ENABLED=ON OPENTELEMETRY_C_TRACING_ENABLED=ON LTTNG_EXPORTER_ENABLED=ON without lttng session ##########
min = 111709 ns
mean = 225984.744800 ns
max = 786690 ns
median = 228070.500000 ns
std = 21531.850010 ns
sum = 1129923724 ns
first = 786690 ns
second = 232536 ns
third = 203274 ns
len = 5000

real	0m51.740s
user	0m1.224s
sys	0m0.076s
########## Run no 7 executable=benchmark-logs-simple TRACING_ENABLED=ON OPENTELEMETRY_C_TRACING_ENABLED=ON LTTNG_EXPORTER_ENABLED=ON without lttng session ##########
min = 113839 ns
mean = 229906.585400 ns
max = 719289 ns
median = 230776.000000 ns
std = 23016.912484 ns
sum = 1149532927 ns
first = 719289 ns
second = 222099 ns
third = 225944 ns
len = 5000

real	0m51.757s
user	0m1.240s
sys	0m0.077s
########## Run no 8 executable=benchmark-logs-simple TRACING_ENABLED=ON OPENTELEMETRY_C_TRACING_ENABLED=ON LTTNG_EXPORTER_ENABLED=ON without lttng session ##########
min = 99689 ns
mean = 227048.997000 ns
max = 732656 ns
median = 179708.000000 ns
std = 23379.289320 ns
sum = 1135244985 ns
first = 732656 ns
second = 211945 ns
third = 195590 ns
len = 5000

real	0m51.739s
user	0m1.249s
sys	0m0.049s
########## Run no 9 executable=benchmark-logs-simple TRACING_ENABLED=ON OPENTELEMETRY_C_TRACING_ENABLED=ON LTTNG_EXPORTER_ENABLED=ON without lttng session ##########
min = 86369 ns
mean = 225744.693000 ns
max = 742324 ns
median = 221220.000000 ns
std = 23726.298501 ns
sum = 1128723465 ns
first = 742324 ns
second = 222592 ns
third = 223896 ns
len = 5000

real	0m51.739s
user	0m1.214s
sys	0m0.082s
########## Run no 10 executable=benchmark-logs-simple TRACING_ENABLED=ON OPENTELEMETRY_C_TRACING_ENABLED=ON LTTNG_EXPORTER_ENABLED=ON without lttng session ##########
min = 102454 ns
mean = 224581.151800 ns
max = 727890 ns
median = 227603.000000 ns
std = 22159.711478 ns
sum = 1122905759 ns
first = 727890 ns
second = 173222 ns
third = 194628 ns
len = 5000

real	0m51.732s
user	0m1.191s
sys	0m0.099s
########## Run no 1 executable=benchmark-logs-simple TRACING_ENABLED=ON OPENTELEMETRY_C_TRACING_ENABLED=ON LTTNG_EXPORTER_ENABLED=ON in lttng session but all events disabled ##########
Session auto-20231101-130138 created.
Traces will be output to /home/eysan/lttng-traces/auto-20231101-130138
ust channel default-channel enabled for session auto-20231101-130138
Tracing started for session auto-20231101-130138
min = 44760 ns
mean = 224953.190400 ns
max = 648989 ns
median = 222542.500000 ns
std = 22271.194996 ns
sum = 1124765952 ns
first = 648989 ns
second = 195707 ns
third = 200993 ns
len = 5000

real	0m51.780s
user	0m1.175s
sys	0m0.126s
Waiting for data availability.
Tracing stopped for session auto-20231101-130138
Destroying session auto-20231101-130138..
Session auto-20231101-130138 destroyed
########## Run no 2 executable=benchmark-logs-simple TRACING_ENABLED=ON OPENTELEMETRY_C_TRACING_ENABLED=ON LTTNG_EXPORTER_ENABLED=ON in lttng session but all events disabled ##########
Session auto-20231101-130231 created.
Traces will be output to /home/eysan/lttng-traces/auto-20231101-130231
ust channel default-channel enabled for session auto-20231101-130231
Tracing started for session auto-20231101-130231
min = 112581 ns
mean = 226819.820400 ns
max = 653141 ns
median = 235736.000000 ns
std = 22682.456199 ns
sum = 1134099102 ns
first = 653141 ns
second = 199517 ns
third = 192744 ns
len = 5000

real	0m51.776s
user	0m1.228s
sys	0m0.079s
Waiting for data availability.
Tracing stopped for session auto-20231101-130231
Destroying session auto-20231101-130231..
Session auto-20231101-130231 destroyed
########## Run no 3 executable=benchmark-logs-simple TRACING_ENABLED=ON OPENTELEMETRY_C_TRACING_ENABLED=ON LTTNG_EXPORTER_ENABLED=ON in lttng session but all events disabled ##########
Session auto-20231101-130323 created.
Traces will be output to /home/eysan/lttng-traces/auto-20231101-130323
ust channel default-channel enabled for session auto-20231101-130323
Tracing started for session auto-20231101-130323
min = 115472 ns
mean = 226302.469600 ns
max = 660330 ns
median = 227132.500000 ns
std = 23022.581494 ns
sum = 1131512348 ns
first = 660330 ns
second = 199744 ns
third = 188187 ns
len = 5000

real	0m51.775s
user	0m1.231s
sys	0m0.075s
Waiting for data availability.
Tracing stopped for session auto-20231101-130323
Destroying session auto-20231101-130323..
Session auto-20231101-130323 destroyed
########## Run no 4 executable=benchmark-logs-simple TRACING_ENABLED=ON OPENTELEMETRY_C_TRACING_ENABLED=ON LTTNG_EXPORTER_ENABLED=ON in lttng session but all events disabled ##########
Session auto-20231101-130416 created.
Traces will be output to /home/eysan/lttng-traces/auto-20231101-130416
ust channel default-channel enabled for session auto-20231101-130416
Tracing started for session auto-20231101-130416
min = 106083 ns
mean = 225308.214400 ns
max = 681496 ns
median = 227948.000000 ns
std = 23173.702671 ns
sum = 1126541072 ns
first = 681496 ns
second = 150592 ns
third = 199769 ns
len = 5000

real	0m51.768s
user	0m1.233s
sys	0m0.065s
Waiting for data availability.
Tracing stopped for session auto-20231101-130416
Destroying session auto-20231101-130416..
Session auto-20231101-130416 destroyed
########## Run no 5 executable=benchmark-logs-simple TRACING_ENABLED=ON OPENTELEMETRY_C_TRACING_ENABLED=ON LTTNG_EXPORTER_ENABLED=ON in lttng session but all events disabled ##########
Session auto-20231101-130508 created.
Traces will be output to /home/eysan/lttng-traces/auto-20231101-130508
ust channel default-channel enabled for session auto-20231101-130508
Tracing started for session auto-20231101-130508
min = 111094 ns
mean = 226332.481200 ns
max = 690282 ns
median = 188108.500000 ns
std = 23111.518804 ns
sum = 1131662406 ns
first = 690282 ns
second = 130209 ns
third = 307923 ns
len = 5000

real	0m51.777s
user	0m1.233s
sys	0m0.075s
Waiting for data availability.
Tracing stopped for session auto-20231101-130508
Destroying session auto-20231101-130508..
Session auto-20231101-130508 destroyed
########## Run no 6 executable=benchmark-logs-simple TRACING_ENABLED=ON OPENTELEMETRY_C_TRACING_ENABLED=ON LTTNG_EXPORTER_ENABLED=ON in lttng session but all events disabled ##########
Session auto-20231101-130601 created.
Traces will be output to /home/eysan/lttng-traces/auto-20231101-130601
ust channel default-channel enabled for session auto-20231101-130601
Tracing started for session auto-20231101-130601
min = 101556 ns
mean = 224216.724200 ns
max = 650597 ns
median = 225104.500000 ns
std = 22064.578043 ns
sum = 1121083621 ns
first = 650597 ns
second = 196384 ns
third = 185889 ns
len = 5000

real	0m51.761s
user	0m1.211s
sys	0m0.084s
Waiting for data availability.
Tracing stopped for session auto-20231101-130601
Destroying session auto-20231101-130601..
Session auto-20231101-130601 destroyed
########## Run no 7 executable=benchmark-logs-simple TRACING_ENABLED=ON OPENTELEMETRY_C_TRACING_ENABLED=ON LTTNG_EXPORTER_ENABLED=ON in lttng session but all events disabled ##########
Session auto-20231101-130653 created.
Traces will be output to /home/eysan/lttng-traces/auto-20231101-130653
ust channel default-channel enabled for session auto-20231101-130653
Tracing started for session auto-20231101-130653
min = 100607 ns
mean = 223749.691400 ns
max = 697618 ns
median = 221238.500000 ns
std = 21631.763291 ns
sum = 1118748457 ns
first = 697618 ns
second = 150449 ns
third = 195981 ns
len = 5000

real	0m51.763s
user	0m1.206s
sys	0m0.088s
Waiting for data availability.
Tracing stopped for session auto-20231101-130653
Destroying session auto-20231101-130653..
Session auto-20231101-130653 destroyed
########## Run no 8 executable=benchmark-logs-simple TRACING_ENABLED=ON OPENTELEMETRY_C_TRACING_ENABLED=ON LTTNG_EXPORTER_ENABLED=ON in lttng session but all events disabled ##########
Session auto-20231101-130746 created.
Traces will be output to /home/eysan/lttng-traces/auto-20231101-130746
ust channel default-channel enabled for session auto-20231101-130746
Tracing started for session auto-20231101-130746
min = 107666 ns
mean = 226607.098200 ns
max = 697887 ns
median = 229458.500000 ns
std = 21082.351008 ns
sum = 1133035491 ns
first = 697887 ns
second = 205420 ns
third = 192865 ns
len = 5000

real	0m51.778s
user	0m1.228s
sys	0m0.079s
Waiting for data availability.
Tracing stopped for session auto-20231101-130746
Destroying session auto-20231101-130746..
Session auto-20231101-130746 destroyed
########## Run no 9 executable=benchmark-logs-simple TRACING_ENABLED=ON OPENTELEMETRY_C_TRACING_ENABLED=ON LTTNG_EXPORTER_ENABLED=ON in lttng session but all events disabled ##########
Session auto-20231101-130838 created.
Traces will be output to /home/eysan/lttng-traces/auto-20231101-130838
ust channel default-channel enabled for session auto-20231101-130838
Tracing started for session auto-20231101-130838
min = 101700 ns
mean = 225552.600800 ns
max = 654785 ns
median = 202647.500000 ns
std = 22931.606285 ns
sum = 1127763004 ns
first = 654785 ns
second = 101700 ns
third = 188538 ns
len = 5000

real	0m51.774s
user	0m1.204s
sys	0m0.097s
Waiting for data availability.
Tracing stopped for session auto-20231101-130838
Destroying session auto-20231101-130838..
Session auto-20231101-130838 destroyed
########## Run no 10 executable=benchmark-logs-simple TRACING_ENABLED=ON OPENTELEMETRY_C_TRACING_ENABLED=ON LTTNG_EXPORTER_ENABLED=ON in lttng session but all events disabled ##########
Session auto-20231101-130931 created.
Traces will be output to /home/eysan/lttng-traces/auto-20231101-130931
ust channel default-channel enabled for session auto-20231101-130931
Tracing started for session auto-20231101-130931
min = 99687 ns
mean = 225345.612200 ns
max = 655659 ns
median = 247344.500000 ns
std = 25446.567941 ns
sum = 1126728061 ns
first = 655659 ns
second = 198259 ns
third = 187535 ns
len = 5000

real	0m51.757s
user	0m1.209s
sys	0m0.087s
Waiting for data availability.
Tracing stopped for session auto-20231101-130931
Destroying session auto-20231101-130931..
Session auto-20231101-130931 destroyed
########## Run no 1 executable=benchmark-logs-simple TRACING_ENABLED=ON OPENTELEMETRY_C_TRACING_ENABLED=ON LTTNG_EXPORTER_ENABLED=ON in lttng session ust event enabled ##########
Session auto-20231101-172212 created.
Traces will be output to /home/eysan/lttng-traces/auto-20231101-172212
ust event opentelemetry:* created in channel channel0
Tracing started for session auto-20231101-172212
min = 108357 ns
mean = 229752.938200 ns
max = 708285 ns
median = 228384.000000 ns
std = 24207.239066 ns
sum = 1148764691 ns
first = 708285 ns
second = 221943 ns
third = 190729 ns
len = 5000

real	0m51.783s
user	0m1.215s
sys	0m0.109s
Waiting for data availability.
Tracing stopped for session auto-20231101-172212
Destroying session auto-20231101-172212..
Session auto-20231101-172212 destroyed
########## Run no 2 executable=benchmark-logs-simple TRACING_ENABLED=ON OPENTELEMETRY_C_TRACING_ENABLED=ON LTTNG_EXPORTER_ENABLED=ON in lttng session ust event enabled ##########
Session auto-20231101-172305 created.
Traces will be output to /home/eysan/lttng-traces/auto-20231101-172305
ust event opentelemetry:* created in channel channel0
Tracing started for session auto-20231101-172305
min = 95493 ns
mean = 231645.500800 ns
max = 1072483 ns
median = 236683.500000 ns
std = 27392.673382 ns
sum = 1158227504 ns
first = 1072483 ns
second = 219509 ns
third = 193530 ns
len = 5000

real	0m51.792s
user	0m1.272s
sys	0m0.067s
Waiting for data availability.
Tracing stopped for session auto-20231101-172305
Destroying session auto-20231101-172305..
Session auto-20231101-172305 destroyed
########## Run no 3 executable=benchmark-logs-simple TRACING_ENABLED=ON OPENTELEMETRY_C_TRACING_ENABLED=ON LTTNG_EXPORTER_ENABLED=ON in lttng session ust event enabled ##########
Session auto-20231101-172357 created.
Traces will be output to /home/eysan/lttng-traces/auto-20231101-172357
ust event opentelemetry:* created in channel channel0
Tracing started for session auto-20231101-172357
min = 91338 ns
mean = 230682.880400 ns
max = 678128 ns
median = 226554.500000 ns
std = 23777.052548 ns
sum = 1153414402 ns
first = 678128 ns
second = 208495 ns
third = 189429 ns
len = 5000

real	0m51.790s
user	0m1.254s
sys	0m0.079s
Waiting for data availability.
Tracing stopped for session auto-20231101-172357
Destroying session auto-20231101-172357..
Session auto-20231101-172357 destroyed
########## Run no 4 executable=benchmark-logs-simple TRACING_ENABLED=ON OPENTELEMETRY_C_TRACING_ENABLED=ON LTTNG_EXPORTER_ENABLED=ON in lttng session ust event enabled ##########
Session auto-20231101-172450 created.
Traces will be output to /home/eysan/lttng-traces/auto-20231101-172450
ust event opentelemetry:* created in channel channel0
Tracing started for session auto-20231101-172450
min = 103824 ns
mean = 232251.193200 ns
max = 798720 ns
median = 225557.500000 ns
std = 25984.132374 ns
sum = 1161255966 ns
first = 798720 ns
second = 218376 ns
third = 198325 ns
len = 5000

real	0m51.801s
user	0m1.249s
sys	0m0.091s
Waiting for data availability.
Tracing stopped for session auto-20231101-172450
Destroying session auto-20231101-172450..
Session auto-20231101-172450 destroyed
########## Run no 5 executable=benchmark-logs-simple TRACING_ENABLED=ON OPENTELEMETRY_C_TRACING_ENABLED=ON LTTNG_EXPORTER_ENABLED=ON in lttng session ust event enabled ##########
Session auto-20231101-172542 created.
Traces will be output to /home/eysan/lttng-traces/auto-20231101-172542
ust event opentelemetry:* created in channel channel0
Tracing started for session auto-20231101-172542
min = 115483 ns
mean = 230118.933600 ns
max = 788390 ns
median = 225580.500000 ns
std = 22960.277285 ns
sum = 1150594668 ns
first = 788390 ns
second = 202140 ns
third = 203351 ns
len = 5000

real	0m51.790s
user	0m1.239s
sys	0m0.091s
Waiting for data availability.
Tracing stopped for session auto-20231101-172542
Destroying session auto-20231101-172542..
Session auto-20231101-172542 destroyed
########## Run no 6 executable=benchmark-logs-simple TRACING_ENABLED=ON OPENTELEMETRY_C_TRACING_ENABLED=ON LTTNG_EXPORTER_ENABLED=ON in lttng session ust event enabled ##########
Session auto-20231101-172635 created.
Traces will be output to /home/eysan/lttng-traces/auto-20231101-172635
ust event opentelemetry:* created in channel channel0
Tracing started for session auto-20231101-172635
min = 117667 ns
mean = 232048.887800 ns
max = 704862 ns
median = 221765.000000 ns
std = 23652.617630 ns
sum = 1160244439 ns
first = 704862 ns
second = 202320 ns
third = 202249 ns
len = 5000

real	0m51.798s
user	0m1.244s
sys	0m0.098s
Waiting for data availability.
Tracing stopped for session auto-20231101-172635
Destroying session auto-20231101-172635..
Session auto-20231101-172635 destroyed
########## Run no 7 executable=benchmark-logs-simple TRACING_ENABLED=ON OPENTELEMETRY_C_TRACING_ENABLED=ON LTTNG_EXPORTER_ENABLED=ON in lttng session ust event enabled ##########
Session auto-20231101-172727 created.
Traces will be output to /home/eysan/lttng-traces/auto-20231101-172727
ust event opentelemetry:* created in channel channel0
Tracing started for session auto-20231101-172727
min = 112045 ns
mean = 229779.347800 ns
max = 689072 ns
median = 228974.500000 ns
std = 23388.150236 ns
sum = 1148896739 ns
first = 689072 ns
second = 206227 ns
third = 195992 ns
len = 5000

real	0m51.783s
user	0m1.236s
sys	0m0.090s
Waiting for data availability.
Tracing stopped for session auto-20231101-172727
Destroying session auto-20231101-172727..
Session auto-20231101-172727 destroyed
########## Run no 8 executable=benchmark-logs-simple TRACING_ENABLED=ON OPENTELEMETRY_C_TRACING_ENABLED=ON LTTNG_EXPORTER_ENABLED=ON in lttng session ust event enabled ##########
Session auto-20231101-172820 created.
Traces will be output to /home/eysan/lttng-traces/auto-20231101-172820
ust event opentelemetry:* created in channel channel0
Tracing started for session auto-20231101-172820
min = 99227 ns
mean = 232395.003200 ns
max = 758923 ns
median = 235215.500000 ns
std = 24597.155808 ns
sum = 1161975016 ns
first = 758923 ns
second = 152087 ns
third = 195299 ns
len = 5000

real	0m51.800s
user	0m1.243s
sys	0m0.103s
Waiting for data availability.
Tracing stopped for session auto-20231101-172820
Destroying session auto-20231101-172820..
Session auto-20231101-172820 destroyed
########## Run no 9 executable=benchmark-logs-simple TRACING_ENABLED=ON OPENTELEMETRY_C_TRACING_ENABLED=ON LTTNG_EXPORTER_ENABLED=ON in lttng session ust event enabled ##########
Session auto-20231101-172913 created.
Traces will be output to /home/eysan/lttng-traces/auto-20231101-172913
ust event opentelemetry:* created in channel channel0
Tracing started for session auto-20231101-172913
min = 89739 ns
mean = 231587.850000 ns
max = 804364 ns
median = 231194.000000 ns
std = 24020.615679 ns
sum = 1157939250 ns
first = 804364 ns
second = 198522 ns
third = 196840 ns
len = 5000

real	0m51.782s
user	0m1.215s
sys	0m0.115s
Waiting for data availability.
Tracing stopped for session auto-20231101-172913
Destroying session auto-20231101-172913..
Session auto-20231101-172913 destroyed
########## Run no 10 executable=benchmark-logs-simple TRACING_ENABLED=ON OPENTELEMETRY_C_TRACING_ENABLED=ON LTTNG_EXPORTER_ENABLED=ON in lttng session ust event enabled ##########
Session auto-20231101-173005 created.
Traces will be output to /home/eysan/lttng-traces/auto-20231101-173005
ust event opentelemetry:* created in channel channel0
Tracing started for session auto-20231101-173005
min = 109975 ns
mean = 232731.703000 ns
max = 713687 ns
median = 292835.500000 ns
std = 23223.995544 ns
sum = 1163658515 ns
first = 713687 ns
second = 207689 ns
third = 203241 ns
len = 5000

real	0m51.791s
user	0m1.255s
sys	0m0.084s
Waiting for data availability.
Tracing stopped for session auto-20231101-173005
Destroying session auto-20231101-173005..
Session auto-20231101-173005 destroyed
########## Run no 1 executable=benchmark-logs-simple TRACING_ENABLED=ON OPENTELEMETRY_C_TRACING_ENABLED=ON LTTNG_EXPORTER_ENABLED=ON in remote lttng session ust event enabled ##########
PING 132.207.72.28 (132.207.72.28) 56(84) bytes of data.
64 bytes from 132.207.72.28: icmp_seq=2 ttl=64 time=0.875 ms
64 bytes from 132.207.72.28: icmp_seq=3 ttl=64 time=0.733 ms
64 bytes from 132.207.72.28: icmp_seq=4 ttl=64 time=0.703 ms
64 bytes from 132.207.72.28: icmp_seq=5 ttl=64 time=0.676 ms

--- 132.207.72.28 ping statistics ---
5 packets transmitted, 4 received, 20% packet loss, time 4066ms
rtt min/avg/max/mdev = 0.676/0.746/0.875/0.076 ms
Session auto-20231101-173103 created.
Traces will be output to tcp4://132.207.72.28:5342/ [data: 5343]
ust event opentelemetry:* created in channel channel0
Tracing started for session auto-20231101-173103
min = 78871 ns
mean = 234852.976800 ns
max = 662471 ns
median = 218940.000000 ns
std = 21608.094682 ns
sum = 1174264884 ns
first = 662471 ns
second = 189541 ns
third = 191793 ns
len = 5000

real	0m51.822s
user	0m1.266s
sys	0m0.086s
Waiting for data availability.
Tracing stopped for session auto-20231101-173103
Destroying session auto-20231101-173103..
Session auto-20231101-173103 destroyed
########## Run no 2 executable=benchmark-logs-simple TRACING_ENABLED=ON OPENTELEMETRY_C_TRACING_ENABLED=ON LTTNG_EXPORTER_ENABLED=ON in remote lttng session ust event enabled ##########
PING 132.207.72.28 (132.207.72.28) 56(84) bytes of data.
64 bytes from 132.207.72.28: icmp_seq=1 ttl=64 time=0.710 ms
64 bytes from 132.207.72.28: icmp_seq=2 ttl=64 time=0.633 ms
64 bytes from 132.207.72.28: icmp_seq=3 ttl=64 time=0.924 ms
64 bytes from 132.207.72.28: icmp_seq=4 ttl=64 time=0.707 ms
64 bytes from 132.207.72.28: icmp_seq=5 ttl=64 time=0.732 ms

--- 132.207.72.28 ping statistics ---
5 packets transmitted, 5 received, 0% packet loss, time 4070ms
rtt min/avg/max/mdev = 0.633/0.741/0.924/0.097 ms
Session auto-20231101-173159 created.
Traces will be output to tcp4://132.207.72.28:5342/ [data: 5343]
ust event opentelemetry:* created in channel channel0
Tracing started for session auto-20231101-173159
min = 90962 ns
mean = 232504.148200 ns
max = 745923 ns
median = 211229.000000 ns
std = 24049.379705 ns
sum = 1162520741 ns
first = 745923 ns
second = 124930 ns
third = 182077 ns
len = 5000

real	0m51.803s
user	0m1.273s
sys	0m0.066s
Waiting for data availability.
Tracing stopped for session auto-20231101-173159
Destroying session auto-20231101-173159..
Session auto-20231101-173159 destroyed
########## Run no 3 executable=benchmark-logs-simple TRACING_ENABLED=ON OPENTELEMETRY_C_TRACING_ENABLED=ON LTTNG_EXPORTER_ENABLED=ON in remote lttng session ust event enabled ##########
PING 132.207.72.28 (132.207.72.28) 56(84) bytes of data.
64 bytes from 132.207.72.28: icmp_seq=1 ttl=64 time=0.624 ms
64 bytes from 132.207.72.28: icmp_seq=2 ttl=64 time=0.734 ms
64 bytes from 132.207.72.28: icmp_seq=3 ttl=64 time=0.714 ms
64 bytes from 132.207.72.28: icmp_seq=4 ttl=64 time=0.546 ms
64 bytes from 132.207.72.28: icmp_seq=5 ttl=64 time=0.858 ms

--- 132.207.72.28 ping statistics ---
5 packets transmitted, 5 received, 0% packet loss, time 4106ms
rtt min/avg/max/mdev = 0.546/0.695/0.858/0.105 ms
Session auto-20231101-173256 created.
Traces will be output to tcp4://132.207.72.28:5342/ [data: 5343]
ust event opentelemetry:* created in channel channel0
Tracing started for session auto-20231101-173256
min = 118573 ns
mean = 231465.969800 ns
max = 706015 ns
median = 226190.000000 ns
std = 24011.247610 ns
sum = 1157329849 ns
first = 706015 ns
second = 205877 ns
third = 205502 ns
len = 5000

real	0m51.815s
user	0m1.244s
sys	0m0.094s
Waiting for data availability.
Tracing stopped for session auto-20231101-173256
Destroying session auto-20231101-173256..
Session auto-20231101-173256 destroyed
########## Run no 4 executable=benchmark-logs-simple TRACING_ENABLED=ON OPENTELEMETRY_C_TRACING_ENABLED=ON LTTNG_EXPORTER_ENABLED=ON in remote lttng session ust event enabled ##########
PING 132.207.72.28 (132.207.72.28) 56(84) bytes of data.
64 bytes from 132.207.72.28: icmp_seq=1 ttl=64 time=0.583 ms
64 bytes from 132.207.72.28: icmp_seq=2 ttl=64 time=0.725 ms
64 bytes from 132.207.72.28: icmp_seq=3 ttl=64 time=0.652 ms
64 bytes from 132.207.72.28: icmp_seq=4 ttl=64 time=0.707 ms
64 bytes from 132.207.72.28: icmp_seq=5 ttl=64 time=0.668 ms

--- 132.207.72.28 ping statistics ---
5 packets transmitted, 5 received, 0% packet loss, time 4083ms
rtt min/avg/max/mdev = 0.583/0.667/0.725/0.049 ms
Session auto-20231101-173353 created.
Traces will be output to tcp4://132.207.72.28:5342/ [data: 5343]
ust event opentelemetry:* created in channel channel0
Tracing started for session auto-20231101-173353
min = 101364 ns
mean = 231244.188600 ns
max = 673486 ns
median = 233140.000000 ns
std = 23706.939658 ns
sum = 1156220943 ns
first = 673486 ns
second = 160100 ns
third = 196112 ns
len = 5000

real	0m51.805s
user	0m1.219s
sys	0m0.116s
Waiting for data availability.
Tracing stopped for session auto-20231101-173353
Destroying session auto-20231101-173353..
Session auto-20231101-173353 destroyed
########## Run no 5 executable=benchmark-logs-simple TRACING_ENABLED=ON OPENTELEMETRY_C_TRACING_ENABLED=ON LTTNG_EXPORTER_ENABLED=ON in remote lttng session ust event enabled ##########
PING 132.207.72.28 (132.207.72.28) 56(84) bytes of data.
64 bytes from 132.207.72.28: icmp_seq=1 ttl=64 time=0.547 ms
64 bytes from 132.207.72.28: icmp_seq=2 ttl=64 time=0.661 ms
64 bytes from 132.207.72.28: icmp_seq=3 ttl=64 time=0.757 ms
64 bytes from 132.207.72.28: icmp_seq=4 ttl=64 time=0.762 ms
64 bytes from 132.207.72.28: icmp_seq=5 ttl=64 time=0.919 ms

--- 132.207.72.28 ping statistics ---
5 packets transmitted, 5 received, 0% packet loss, time 4097ms
rtt min/avg/max/mdev = 0.547/0.729/0.919/0.123 ms
Session auto-20231101-173449 created.
Traces will be output to tcp4://132.207.72.28:5342/ [data: 5343]
ust event opentelemetry:* created in channel channel0
Tracing started for session auto-20231101-173449
min = 96081 ns
mean = 231194.008600 ns
max = 761605 ns
median = 238137.000000 ns
std = 25231.798458 ns
sum = 1155970043 ns
first = 761605 ns
second = 224357 ns
third = 192293 ns
len = 5000

real	0m51.799s
user	0m1.269s
sys	0m0.067s
Waiting for data availability.
Tracing stopped for session auto-20231101-173449
Destroying session auto-20231101-173449..
Session auto-20231101-173449 destroyed
########## Run no 6 executable=benchmark-logs-simple TRACING_ENABLED=ON OPENTELEMETRY_C_TRACING_ENABLED=ON LTTNG_EXPORTER_ENABLED=ON in remote lttng session ust event enabled ##########
PING 132.207.72.28 (132.207.72.28) 56(84) bytes of data.
64 bytes from 132.207.72.28: icmp_seq=1 ttl=64 time=0.670 ms
64 bytes from 132.207.72.28: icmp_seq=2 ttl=64 time=0.684 ms
64 bytes from 132.207.72.28: icmp_seq=3 ttl=64 time=0.693 ms
64 bytes from 132.207.72.28: icmp_seq=4 ttl=64 time=0.684 ms
64 bytes from 132.207.72.28: icmp_seq=5 ttl=64 time=0.675 ms

--- 132.207.72.28 ping statistics ---
5 packets transmitted, 5 received, 0% packet loss, time 4074ms
rtt min/avg/max/mdev = 0.670/0.681/0.693/0.008 ms
Session auto-20231101-173546 created.
Traces will be output to tcp4://132.207.72.28:5342/ [data: 5343]
ust event opentelemetry:* created in channel channel0
Tracing started for session auto-20231101-173546
min = 108113 ns
mean = 232424.551000 ns
max = 759265 ns
median = 233198.000000 ns
std = 22842.001754 ns
sum = 1162122755 ns
first = 759265 ns
second = 211055 ns
third = 198069 ns
len = 5000

real	0m51.809s
user	0m1.234s
sys	0m0.111s
Waiting for data availability.
Tracing stopped for session auto-20231101-173546
Destroying session auto-20231101-173546..
Session auto-20231101-173546 destroyed
########## Run no 7 executable=benchmark-logs-simple TRACING_ENABLED=ON OPENTELEMETRY_C_TRACING_ENABLED=ON LTTNG_EXPORTER_ENABLED=ON in remote lttng session ust event enabled ##########
PING 132.207.72.28 (132.207.72.28) 56(84) bytes of data.
64 bytes from 132.207.72.28: icmp_seq=1 ttl=64 time=0.509 ms
64 bytes from 132.207.72.28: icmp_seq=2 ttl=64 time=0.700 ms
64 bytes from 132.207.72.28: icmp_seq=3 ttl=64 time=0.698 ms
64 bytes from 132.207.72.28: icmp_seq=4 ttl=64 time=0.795 ms
64 bytes from 132.207.72.28: icmp_seq=5 ttl=64 time=0.740 ms

--- 132.207.72.28 ping statistics ---
5 packets transmitted, 5 received, 0% packet loss, time 4083ms
rtt min/avg/max/mdev = 0.509/0.688/0.795/0.096 ms
Session auto-20231101-173643 created.
Traces will be output to tcp4://132.207.72.28:5342/ [data: 5343]
ust event opentelemetry:* created in channel channel0
Tracing started for session auto-20231101-173643
min = 97844 ns
mean = 234670.317600 ns
max = 732198 ns
median = 239164.000000 ns
std = 23789.495338 ns
sum = 1173351588 ns
first = 732198 ns
second = 227383 ns
third = 205253 ns
len = 5000

real	0m51.828s
user	0m1.281s
sys	0m0.076s
Waiting for data availability.
Tracing stopped for session auto-20231101-173643
Destroying session auto-20231101-173643..
Session auto-20231101-173643 destroyed
########## Run no 8 executable=benchmark-logs-simple TRACING_ENABLED=ON OPENTELEMETRY_C_TRACING_ENABLED=ON LTTNG_EXPORTER_ENABLED=ON in remote lttng session ust event enabled ##########
PING 132.207.72.28 (132.207.72.28) 56(84) bytes of data.
64 bytes from 132.207.72.28: icmp_seq=1 ttl=64 time=0.534 ms
64 bytes from 132.207.72.28: icmp_seq=2 ttl=64 time=0.567 ms
64 bytes from 132.207.72.28: icmp_seq=3 ttl=64 time=0.699 ms
64 bytes from 132.207.72.28: icmp_seq=4 ttl=64 time=0.772 ms
64 bytes from 132.207.72.28: icmp_seq=5 ttl=64 time=0.746 ms

--- 132.207.72.28 ping statistics ---
5 packets transmitted, 5 received, 0% packet loss, time 4073ms
rtt min/avg/max/mdev = 0.534/0.663/0.772/0.095 ms
Session auto-20231101-173739 created.
Traces will be output to tcp4://132.207.72.28:5342/ [data: 5343]
ust event opentelemetry:* created in channel channel0
Tracing started for session auto-20231101-173739
min = 110419 ns
mean = 231816.963200 ns
max = 690317 ns
median = 234636.500000 ns
std = 23236.369101 ns
sum = 1159084816 ns
first = 690317 ns
second = 152621 ns
third = 129807 ns
len = 5000

real	0m51.805s
user	0m1.231s
sys	0m0.109s
Waiting for data availability.
Tracing stopped for session auto-20231101-173739
Destroying session auto-20231101-173739..
Session auto-20231101-173739 destroyed
########## Run no 9 executable=benchmark-logs-simple TRACING_ENABLED=ON OPENTELEMETRY_C_TRACING_ENABLED=ON LTTNG_EXPORTER_ENABLED=ON in remote lttng session ust event enabled ##########
PING 132.207.72.28 (132.207.72.28) 56(84) bytes of data.
64 bytes from 132.207.72.28: icmp_seq=1 ttl=64 time=0.491 ms
64 bytes from 132.207.72.28: icmp_seq=2 ttl=64 time=0.743 ms
64 bytes from 132.207.72.28: icmp_seq=3 ttl=64 time=0.701 ms
64 bytes from 132.207.72.28: icmp_seq=4 ttl=64 time=0.709 ms
64 bytes from 132.207.72.28: icmp_seq=5 ttl=64 time=0.782 ms

--- 132.207.72.28 ping statistics ---
5 packets transmitted, 5 received, 0% packet loss, time 4096ms
rtt min/avg/max/mdev = 0.491/0.685/0.782/0.101 ms
Session auto-20231101-173836 created.
Traces will be output to tcp4://132.207.72.28:5342/ [data: 5343]
ust event opentelemetry:* created in channel channel0
Tracing started for session auto-20231101-173836
min = 89115 ns
mean = 230718.242600 ns
max = 704621 ns
median = 242427.000000 ns
std = 24853.340594 ns
sum = 1153591213 ns
first = 704621 ns
second = 201727 ns
third = 190712 ns
len = 5000

real	0m51.807s
user	0m1.262s
sys	0m0.073s
Waiting for data availability.
Tracing stopped for session auto-20231101-173836
Destroying session auto-20231101-173836..
Session auto-20231101-173836 destroyed
########## Run no 10 executable=benchmark-logs-simple TRACING_ENABLED=ON OPENTELEMETRY_C_TRACING_ENABLED=ON LTTNG_EXPORTER_ENABLED=ON in remote lttng session ust event enabled ##########
PING 132.207.72.28 (132.207.72.28) 56(84) bytes of data.
64 bytes from 132.207.72.28: icmp_seq=1 ttl=64 time=0.511 ms
64 bytes from 132.207.72.28: icmp_seq=2 ttl=64 time=0.721 ms
64 bytes from 132.207.72.28: icmp_seq=3 ttl=64 time=0.715 ms
64 bytes from 132.207.72.28: icmp_seq=4 ttl=64 time=0.759 ms
64 bytes from 132.207.72.28: icmp_seq=5 ttl=64 time=1.06 ms

--- 132.207.72.28 ping statistics ---
5 packets transmitted, 5 received, 0% packet loss, time 4094ms
rtt min/avg/max/mdev = 0.511/0.753/1.062/0.176 ms
Session auto-20231101-173933 created.
Traces will be output to tcp4://132.207.72.28:5342/ [data: 5343]
ust event opentelemetry:* created in channel channel0
Tracing started for session auto-20231101-173933
min = 90243 ns
mean = 230087.661400 ns
max = 716526 ns
median = 242816.000000 ns
std = 27158.850751 ns
sum = 1150438307 ns
first = 716526 ns
second = 130370 ns
third = 185084 ns
len = 5000

real	0m51.780s
user	0m1.234s
sys	0m0.089s
Waiting for data availability.
Tracing stopped for session auto-20231101-173933
Destroying session auto-20231101-173933..
Session auto-20231101-173933 destroyed
Done!
